[2024-11-20T13:10:11.858+0700] {local_task_job_runner.py:123} INFO - ::group::Pre task execution logs
[2024-11-20T13:10:11.971+0700] {taskinstance.py:2613} INFO - Dependencies all met for dep_context=non-requeueable deps ti=<TaskInstance: scrape_twitter.scrape_twitter_task scheduled__2024-11-20T05:00:00+00:00 [queued]>
[2024-11-20T13:10:12.004+0700] {taskinstance.py:2613} INFO - Dependencies all met for dep_context=requeueable deps ti=<TaskInstance: scrape_twitter.scrape_twitter_task scheduled__2024-11-20T05:00:00+00:00 [queued]>
[2024-11-20T13:10:12.005+0700] {taskinstance.py:2866} INFO - Starting attempt 2 of 2
[2024-11-20T13:10:12.075+0700] {taskinstance.py:2889} INFO - Executing <Task(PythonOperator): scrape_twitter_task> on 2024-11-20 05:00:00+00:00
[2024-11-20T13:10:12.104+0700] {logging_mixin.py:190} WARNING - /home/fabian4819/REKAYASA DATA/final-exam-etl-pipeline-project/airflow-env/lib/python3.12/site-packages/airflow/task/task_runner/standard_task_runner.py:70 DeprecationWarning: This process (pid=23901) is multi-threaded, use of fork() may lead to deadlocks in the child.
[2024-11-20T13:10:12.108+0700] {standard_task_runner.py:72} INFO - Started process 24171 to run task
[2024-11-20T13:10:12.111+0700] {standard_task_runner.py:104} INFO - Running: ['airflow', 'tasks', 'run', 'scrape_twitter', 'scrape_twitter_task', 'scheduled__2024-11-20T05:00:00+00:00', '--job-id', '40', '--raw', '--subdir', 'DAGS_FOLDER/scrape_twitter_dag.py', '--cfg-path', '/tmp/tmpzut4kw21']
[2024-11-20T13:10:12.116+0700] {standard_task_runner.py:105} INFO - Job 40: Subtask scrape_twitter_task
[2024-11-20T13:10:12.531+0700] {task_command.py:467} INFO - Running <TaskInstance: scrape_twitter.scrape_twitter_task scheduled__2024-11-20T05:00:00+00:00 [running]> on host fabian4819-VirtualBox
[2024-11-20T13:10:13.027+0700] {taskinstance.py:3132} INFO - Exporting env vars: AIRFLOW_CTX_DAG_OWNER='airflow' AIRFLOW_CTX_DAG_ID='scrape_twitter' AIRFLOW_CTX_TASK_ID='scrape_twitter_task' AIRFLOW_CTX_EXECUTION_DATE='2024-11-20T05:00:00+00:00' AIRFLOW_CTX_TRY_NUMBER='2' AIRFLOW_CTX_DAG_RUN_ID='scheduled__2024-11-20T05:00:00+00:00'
[2024-11-20T13:10:13.033+0700] {logging_mixin.py:190} INFO - Task instance is in running state
[2024-11-20T13:10:13.034+0700] {logging_mixin.py:190} INFO -  Previous state of the Task instance: queued
[2024-11-20T13:10:13.035+0700] {logging_mixin.py:190} INFO - Current task name:scrape_twitter_task state:running start_date:2024-11-20 06:10:11.972414+00:00
[2024-11-20T13:10:13.036+0700] {logging_mixin.py:190} INFO - Dag name:scrape_twitter and current dag run status:running
[2024-11-20T13:10:13.037+0700] {taskinstance.py:731} INFO - ::endgroup::
[2024-11-20T13:12:32.464+0700] {logging_mixin.py:190} INFO - Data successfully saved to CSV: output.csv
[2024-11-20T13:12:32.467+0700] {python.py:240} INFO - Done. Returned value was: None
[2024-11-20T13:12:32.557+0700] {taskinstance.py:340} INFO - ::group::Post task execution logs
[2024-11-20T13:12:32.559+0700] {taskinstance.py:352} INFO - Marking task as SUCCESS. dag_id=scrape_twitter, task_id=scrape_twitter_task, run_id=scheduled__2024-11-20T05:00:00+00:00, execution_date=20241120T050000, start_date=20241120T061011, end_date=20241120T061232
[2024-11-20T13:12:32.627+0700] {logging_mixin.py:190} INFO - Task instance in success state
[2024-11-20T13:12:32.628+0700] {logging_mixin.py:190} INFO -  Previous state of the Task instance: running
[2024-11-20T13:12:32.629+0700] {logging_mixin.py:190} INFO - Dag name:scrape_twitter queued_at:2024-11-20 06:00:00.729643+00:00
[2024-11-20T13:12:32.630+0700] {logging_mixin.py:190} INFO - Task hostname:fabian4819-VirtualBox operator:PythonOperator
[2024-11-20T13:12:32.708+0700] {local_task_job_runner.py:266} INFO - Task exited with return code 0
[2024-11-20T13:12:32.869+0700] {taskinstance.py:3895} INFO - 0 downstream tasks scheduled from follow-on schedule check
[2024-11-20T13:12:32.898+0700] {local_task_job_runner.py:245} INFO - ::endgroup::
