[2024-11-20T11:06:25.675+0700] {local_task_job_runner.py:123} INFO - ::group::Pre task execution logs
[2024-11-20T11:06:25.741+0700] {taskinstance.py:2613} INFO - Dependencies all met for dep_context=non-requeueable deps ti=<TaskInstance: scrape_twitter.scrape_twitter_task scheduled__2024-11-20T03:00:00+00:00 [queued]>
[2024-11-20T11:06:25.776+0700] {taskinstance.py:2613} INFO - Dependencies all met for dep_context=requeueable deps ti=<TaskInstance: scrape_twitter.scrape_twitter_task scheduled__2024-11-20T03:00:00+00:00 [queued]>
[2024-11-20T11:06:25.778+0700] {taskinstance.py:2866} INFO - Starting attempt 2 of 2
[2024-11-20T11:06:25.829+0700] {taskinstance.py:2889} INFO - Executing <Task(PythonOperator): scrape_twitter_task> on 2024-11-20 03:00:00+00:00
[2024-11-20T11:06:25.876+0700] {logging_mixin.py:190} WARNING - /home/fabian4819/REKAYASA DATA/final-exam-etl-pipeline-project/airflow-env/lib/python3.12/site-packages/airflow/task/task_runner/standard_task_runner.py:70 DeprecationWarning: This process (pid=147359) is multi-threaded, use of fork() may lead to deadlocks in the child.
[2024-11-20T11:06:25.873+0700] {standard_task_runner.py:104} INFO - Running: ['airflow', 'tasks', 'run', 'scrape_twitter', 'scrape_twitter_task', 'scheduled__2024-11-20T03:00:00+00:00', '--job-id', '32', '--raw', '--subdir', 'DAGS_FOLDER/scrape_twitter_dag.py', '--cfg-path', '/tmp/tmp1l5laz89']
[2024-11-20T11:06:25.880+0700] {standard_task_runner.py:105} INFO - Job 32: Subtask scrape_twitter_task
[2024-11-20T11:06:25.880+0700] {standard_task_runner.py:72} INFO - Started process 147483 to run task
[2024-11-20T11:06:26.431+0700] {task_command.py:467} INFO - Running <TaskInstance: scrape_twitter.scrape_twitter_task scheduled__2024-11-20T03:00:00+00:00 [running]> on host fabian4819-VirtualBox
[2024-11-20T11:06:26.860+0700] {taskinstance.py:3132} INFO - Exporting env vars: AIRFLOW_CTX_DAG_OWNER='airflow' AIRFLOW_CTX_DAG_ID='scrape_twitter' AIRFLOW_CTX_TASK_ID='scrape_twitter_task' AIRFLOW_CTX_EXECUTION_DATE='2024-11-20T03:00:00+00:00' AIRFLOW_CTX_TRY_NUMBER='2' AIRFLOW_CTX_DAG_RUN_ID='scheduled__2024-11-20T03:00:00+00:00'
[2024-11-20T11:06:26.863+0700] {logging_mixin.py:190} INFO - Task instance is in running state
[2024-11-20T11:06:26.863+0700] {logging_mixin.py:190} INFO -  Previous state of the Task instance: queued
[2024-11-20T11:06:26.863+0700] {logging_mixin.py:190} INFO - Current task name:scrape_twitter_task state:running start_date:2024-11-20 04:06:25.742814+00:00
[2024-11-20T11:06:26.864+0700] {logging_mixin.py:190} INFO - Dag name:scrape_twitter and current dag run status:running
[2024-11-20T11:06:26.864+0700] {taskinstance.py:731} INFO - ::endgroup::
[2024-11-20T11:07:35.733+0700] {taskinstance.py:3311} ERROR - Task failed with exception
Traceback (most recent call last):
  File "/home/fabian4819/REKAYASA DATA/final-exam-etl-pipeline-project/airflow-env/lib/python3.12/site-packages/airflow/models/taskinstance.py", line 767, in _execute_task
    result = _execute_callable(context=context, **execute_callable_kwargs)
             ^^^^^^^^^^^^^^^^^^^^^^^^^^^^^^^^^^^^^^^^^^^^^^^^^^^^^^^^^^^^^
  File "/home/fabian4819/REKAYASA DATA/final-exam-etl-pipeline-project/airflow-env/lib/python3.12/site-packages/airflow/models/taskinstance.py", line 733, in _execute_callable
    return ExecutionCallableRunner(
           ^^^^^^^^^^^^^^^^^^^^^^^^
  File "/home/fabian4819/REKAYASA DATA/final-exam-etl-pipeline-project/airflow-env/lib/python3.12/site-packages/airflow/utils/operator_helpers.py", line 252, in run
    return self.func(*args, **kwargs)
           ^^^^^^^^^^^^^^^^^^^^^^^^^^
  File "/home/fabian4819/REKAYASA DATA/final-exam-etl-pipeline-project/airflow-env/lib/python3.12/site-packages/airflow/models/baseoperator.py", line 417, in wrapper
    return func(self, *args, **kwargs)
           ^^^^^^^^^^^^^^^^^^^^^^^^^^^
  File "/home/fabian4819/REKAYASA DATA/final-exam-etl-pipeline-project/airflow-env/lib/python3.12/site-packages/airflow/operators/python.py", line 238, in execute
    return_value = self.execute_callable()
                   ^^^^^^^^^^^^^^^^^^^^^^^
  File "/home/fabian4819/REKAYASA DATA/final-exam-etl-pipeline-project/airflow-env/lib/python3.12/site-packages/airflow/operators/python.py", line 256, in execute_callable
    return runner.run(*self.op_args, **self.op_kwargs)
           ^^^^^^^^^^^^^^^^^^^^^^^^^^^^^^^^^^^^^^^^^^^
  File "/home/fabian4819/REKAYASA DATA/final-exam-etl-pipeline-project/airflow-env/lib/python3.12/site-packages/airflow/utils/operator_helpers.py", line 252, in run
    return self.func(*args, **kwargs)
           ^^^^^^^^^^^^^^^^^^^^^^^^^^
  File "/home/fabian4819/REKAYASA DATA/final-exam-etl-pipeline-project/airflow/dags/scrape_twitter_dag.py", line 40, in run_scrape_twitter
    scrape_twitter(search_term)  # Panggil fungsi dari scrapping-twitter.py
    ^^^^^^^^^^^^^^^^^^^^^^^^^^^
  File "/home/fabian4819/REKAYASA DATA/final-exam-etl-pipeline-project/notebooks/scrapping-twitter.py", line 137, in scrape_twitter
    df.to_csv(f"../data-output/{csv_file_name}", index=False)
  File "/home/fabian4819/REKAYASA DATA/final-exam-etl-pipeline-project/airflow-env/lib/python3.12/site-packages/pandas/core/generic.py", line 3902, in to_csv
    return DataFrameRenderer(formatter).to_csv(
           ^^^^^^^^^^^^^^^^^^^^^^^^^^^^^^^^^^^^
  File "/home/fabian4819/REKAYASA DATA/final-exam-etl-pipeline-project/airflow-env/lib/python3.12/site-packages/pandas/io/formats/format.py", line 1152, in to_csv
    csv_formatter.save()
  File "/home/fabian4819/REKAYASA DATA/final-exam-etl-pipeline-project/airflow-env/lib/python3.12/site-packages/pandas/io/formats/csvs.py", line 247, in save
    with get_handle(
         ^^^^^^^^^^^
  File "/home/fabian4819/REKAYASA DATA/final-exam-etl-pipeline-project/airflow-env/lib/python3.12/site-packages/pandas/io/common.py", line 739, in get_handle
    check_parent_directory(str(handle))
  File "/home/fabian4819/REKAYASA DATA/final-exam-etl-pipeline-project/airflow-env/lib/python3.12/site-packages/pandas/io/common.py", line 604, in check_parent_directory
    raise OSError(rf"Cannot save file into a non-existent directory: '{parent}'")
OSError: Cannot save file into a non-existent directory: '../data-output'
[2024-11-20T11:07:35.805+0700] {logging_mixin.py:190} INFO - Task instance in failure state
[2024-11-20T11:07:35.805+0700] {logging_mixin.py:190} INFO - Task start:2024-11-20 04:06:25.742814+00:00 end:2024-11-20 04:07:35.804098+00:00 duration:70.061284
[2024-11-20T11:07:35.806+0700] {logging_mixin.py:190} INFO - Task:<Task(PythonOperator): scrape_twitter_task> dag:<DAG: scrape_twitter> dagrun:<DagRun scrape_twitter @ 2024-11-20 03:00:00+00:00: scheduled__2024-11-20T03:00:00+00:00, state:running, queued_at: 2024-11-20 04:00:00.559507+00:00. externally triggered: False>
[2024-11-20T11:07:35.806+0700] {logging_mixin.py:190} INFO - Failure caused by Cannot save file into a non-existent directory: '../data-output'
[2024-11-20T11:07:35.807+0700] {taskinstance.py:1225} INFO - Marking task as FAILED. dag_id=scrape_twitter, task_id=scrape_twitter_task, run_id=scheduled__2024-11-20T03:00:00+00:00, execution_date=20241120T030000, start_date=20241120T040625, end_date=20241120T040735
[2024-11-20T11:07:35.834+0700] {taskinstance.py:340} INFO - ::group::Post task execution logs
[2024-11-20T11:07:35.835+0700] {standard_task_runner.py:124} ERROR - Failed to execute job 32 for task scrape_twitter_task (Cannot save file into a non-existent directory: '../data-output'; 147483)
Traceback (most recent call last):
  File "/home/fabian4819/REKAYASA DATA/final-exam-etl-pipeline-project/airflow-env/lib/python3.12/site-packages/airflow/task/task_runner/standard_task_runner.py", line 117, in _start_by_fork
    ret = args.func(args, dag=self.dag)
          ^^^^^^^^^^^^^^^^^^^^^^^^^^^^^
  File "/home/fabian4819/REKAYASA DATA/final-exam-etl-pipeline-project/airflow-env/lib/python3.12/site-packages/airflow/cli/cli_config.py", line 49, in command
    return func(*args, **kwargs)
           ^^^^^^^^^^^^^^^^^^^^^
  File "/home/fabian4819/REKAYASA DATA/final-exam-etl-pipeline-project/airflow-env/lib/python3.12/site-packages/airflow/utils/cli.py", line 116, in wrapper
    return f(*args, **kwargs)
           ^^^^^^^^^^^^^^^^^^
  File "/home/fabian4819/REKAYASA DATA/final-exam-etl-pipeline-project/airflow-env/lib/python3.12/site-packages/airflow/cli/commands/task_command.py", line 483, in task_run
    task_return_code = _run_task_by_selected_method(args, _dag, ti)
                       ^^^^^^^^^^^^^^^^^^^^^^^^^^^^^^^^^^^^^^^^^^^^
  File "/home/fabian4819/REKAYASA DATA/final-exam-etl-pipeline-project/airflow-env/lib/python3.12/site-packages/airflow/cli/commands/task_command.py", line 256, in _run_task_by_selected_method
    return _run_raw_task(args, ti)
           ^^^^^^^^^^^^^^^^^^^^^^^
  File "/home/fabian4819/REKAYASA DATA/final-exam-etl-pipeline-project/airflow-env/lib/python3.12/site-packages/airflow/cli/commands/task_command.py", line 341, in _run_raw_task
    return ti._run_raw_task(
           ^^^^^^^^^^^^^^^^^
  File "/home/fabian4819/REKAYASA DATA/final-exam-etl-pipeline-project/airflow-env/lib/python3.12/site-packages/airflow/utils/session.py", line 97, in wrapper
    return func(*args, session=session, **kwargs)
           ^^^^^^^^^^^^^^^^^^^^^^^^^^^^^^^^^^^^^^
  File "/home/fabian4819/REKAYASA DATA/final-exam-etl-pipeline-project/airflow-env/lib/python3.12/site-packages/airflow/models/taskinstance.py", line 3005, in _run_raw_task
    return _run_raw_task(
           ^^^^^^^^^^^^^^
  File "/home/fabian4819/REKAYASA DATA/final-exam-etl-pipeline-project/airflow-env/lib/python3.12/site-packages/airflow/models/taskinstance.py", line 273, in _run_raw_task
    TaskInstance._execute_task_with_callbacks(
  File "/home/fabian4819/REKAYASA DATA/final-exam-etl-pipeline-project/airflow-env/lib/python3.12/site-packages/airflow/models/taskinstance.py", line 3159, in _execute_task_with_callbacks
    result = self._execute_task(context, task_orig)
             ^^^^^^^^^^^^^^^^^^^^^^^^^^^^^^^^^^^^^^
  File "/home/fabian4819/REKAYASA DATA/final-exam-etl-pipeline-project/airflow-env/lib/python3.12/site-packages/airflow/models/taskinstance.py", line 3183, in _execute_task
    return _execute_task(self, context, task_orig)
           ^^^^^^^^^^^^^^^^^^^^^^^^^^^^^^^^^^^^^^^
  File "/home/fabian4819/REKAYASA DATA/final-exam-etl-pipeline-project/airflow-env/lib/python3.12/site-packages/airflow/models/taskinstance.py", line 767, in _execute_task
    result = _execute_callable(context=context, **execute_callable_kwargs)
             ^^^^^^^^^^^^^^^^^^^^^^^^^^^^^^^^^^^^^^^^^^^^^^^^^^^^^^^^^^^^^
  File "/home/fabian4819/REKAYASA DATA/final-exam-etl-pipeline-project/airflow-env/lib/python3.12/site-packages/airflow/models/taskinstance.py", line 733, in _execute_callable
    return ExecutionCallableRunner(
           ^^^^^^^^^^^^^^^^^^^^^^^^
  File "/home/fabian4819/REKAYASA DATA/final-exam-etl-pipeline-project/airflow-env/lib/python3.12/site-packages/airflow/utils/operator_helpers.py", line 252, in run
    return self.func(*args, **kwargs)
           ^^^^^^^^^^^^^^^^^^^^^^^^^^
  File "/home/fabian4819/REKAYASA DATA/final-exam-etl-pipeline-project/airflow-env/lib/python3.12/site-packages/airflow/models/baseoperator.py", line 417, in wrapper
    return func(self, *args, **kwargs)
           ^^^^^^^^^^^^^^^^^^^^^^^^^^^
  File "/home/fabian4819/REKAYASA DATA/final-exam-etl-pipeline-project/airflow-env/lib/python3.12/site-packages/airflow/operators/python.py", line 238, in execute
    return_value = self.execute_callable()
                   ^^^^^^^^^^^^^^^^^^^^^^^
  File "/home/fabian4819/REKAYASA DATA/final-exam-etl-pipeline-project/airflow-env/lib/python3.12/site-packages/airflow/operators/python.py", line 256, in execute_callable
    return runner.run(*self.op_args, **self.op_kwargs)
           ^^^^^^^^^^^^^^^^^^^^^^^^^^^^^^^^^^^^^^^^^^^
  File "/home/fabian4819/REKAYASA DATA/final-exam-etl-pipeline-project/airflow-env/lib/python3.12/site-packages/airflow/utils/operator_helpers.py", line 252, in run
    return self.func(*args, **kwargs)
           ^^^^^^^^^^^^^^^^^^^^^^^^^^
  File "/home/fabian4819/REKAYASA DATA/final-exam-etl-pipeline-project/airflow/dags/scrape_twitter_dag.py", line 40, in run_scrape_twitter
    scrape_twitter(search_term)  # Panggil fungsi dari scrapping-twitter.py
    ^^^^^^^^^^^^^^^^^^^^^^^^^^^
  File "/home/fabian4819/REKAYASA DATA/final-exam-etl-pipeline-project/notebooks/scrapping-twitter.py", line 137, in scrape_twitter
    df.to_csv(f"../data-output/{csv_file_name}", index=False)
  File "/home/fabian4819/REKAYASA DATA/final-exam-etl-pipeline-project/airflow-env/lib/python3.12/site-packages/pandas/core/generic.py", line 3902, in to_csv
    return DataFrameRenderer(formatter).to_csv(
           ^^^^^^^^^^^^^^^^^^^^^^^^^^^^^^^^^^^^
  File "/home/fabian4819/REKAYASA DATA/final-exam-etl-pipeline-project/airflow-env/lib/python3.12/site-packages/pandas/io/formats/format.py", line 1152, in to_csv
    csv_formatter.save()
  File "/home/fabian4819/REKAYASA DATA/final-exam-etl-pipeline-project/airflow-env/lib/python3.12/site-packages/pandas/io/formats/csvs.py", line 247, in save
    with get_handle(
         ^^^^^^^^^^^
  File "/home/fabian4819/REKAYASA DATA/final-exam-etl-pipeline-project/airflow-env/lib/python3.12/site-packages/pandas/io/common.py", line 739, in get_handle
    check_parent_directory(str(handle))
  File "/home/fabian4819/REKAYASA DATA/final-exam-etl-pipeline-project/airflow-env/lib/python3.12/site-packages/pandas/io/common.py", line 604, in check_parent_directory
    raise OSError(rf"Cannot save file into a non-existent directory: '{parent}'")
OSError: Cannot save file into a non-existent directory: '../data-output'
[2024-11-20T11:07:35.911+0700] {local_task_job_runner.py:266} INFO - Task exited with return code 1
[2024-11-20T11:07:35.960+0700] {standard_task_runner.py:217} INFO - Process not found (most likely exited), stop collecting metrics
[2024-11-20T11:07:35.968+0700] {taskinstance.py:3895} INFO - 0 downstream tasks scheduled from follow-on schedule check
[2024-11-20T11:07:35.971+0700] {local_task_job_runner.py:245} INFO - ::endgroup::
